<?xml version="1.0" encoding="UTF-8"?>
<!-- Generated by org.testng.reporters.JUnitReportReporter -->
<testsuite skipped="0" hostname="Arina-PC" name="com.flipkart.BNPLpackage.Gmail" tests="3" failures="0" timestamp="22 Aug 2018 18:21:31 GMT" time="44.787" errors="0">
  <testcase name="unameTest" time="16.859" classname="com.flipkart.BNPLpackage.Gmail"/>
  <testcase name="unameTest" time="14.976" classname="com.flipkart.BNPLpackage.Gmail"/>
  <testcase name="unameTest" time="12.952" classname="com.flipkart.BNPLpackage.Gmail"/>
</testsuite> <!-- com.flipkart.BNPLpackage.Gmail -->
