<?xml version="1.0" encoding="UTF-8"?>
<!-- Generated by org.testng.reporters.JUnitReportReporter -->
<testsuite skipped="0" hostname="Arina-PC" name="com.flipkart.BNPLpackage.Abc" tests="4" failures="0" timestamp="22 Aug 2018 18:21:31 GMT" time="75.130" errors="0">
  <testcase name="launch" time="18.935" classname="com.flipkart.BNPLpackage.Abc"/>
  <testcase name="launch" time="17.504" classname="com.flipkart.BNPLpackage.Abc"/>
  <testcase name="launch" time="17.457" classname="com.flipkart.BNPLpackage.Abc"/>
  <testcase name="launch" time="21.234" classname="com.flipkart.BNPLpackage.Abc"/>
</testsuite> <!-- com.flipkart.BNPLpackage.Abc -->
