<?xml version="1.0" encoding="UTF-8"?>
<!-- Generated by org.testng.reporters.JUnitReportReporter -->
<testsuite skipped="0" hostname="Arina-PC" name="com.flipkart.BNPLpackage.Pqr" tests="5" failures="0" timestamp="02 Aug 2018 18:56:34 GMT" time="47.829" errors="0">
  <testcase name="launch" time="9.905" classname="com.flipkart.BNPLpackage.Pqr"/>
  <testcase name="launch" time="9.609" classname="com.flipkart.BNPLpackage.Pqr"/>
  <testcase name="launch" time="9.410" classname="com.flipkart.BNPLpackage.Pqr"/>
  <testcase name="launch" time="9.554" classname="com.flipkart.BNPLpackage.Pqr"/>
  <testcase name="launch" time="9.351" classname="com.flipkart.BNPLpackage.Pqr"/>
</testsuite> <!-- com.flipkart.BNPLpackage.Pqr -->
