<?xml version="1.0" encoding="UTF-8"?>
<!-- Generated by org.testng.reporters.JUnitReportReporter -->
<testsuite skipped="0" hostname="Arina-PC" name="com.flipkart.BNPLpackage.Abc" tests="2" failures="0" timestamp="20 Aug 2018 17:11:57 GMT" time="11.265" errors="0">
  <testcase name="login" time="5.746" classname="com.flipkart.BNPLpackage.Abc"/>
  <testcase name="search" time="5.519" classname="com.flipkart.BNPLpackage.Abc"/>
</testsuite> <!-- com.flipkart.BNPLpackage.Abc -->
