<?xml version="1.0" encoding="UTF-8"?>
<!-- Generated by org.testng.reporters.JUnitReportReporter -->
<testsuite skipped="0" hostname="Arina-PC" name="com.flipkart.BNPLpackage.Abc" tests="2" failures="0" timestamp="16 Aug 2018 19:06:34 GMT" time="11.105" errors="0">
  <testcase name="login" time="5.612" classname="com.flipkart.BNPLpackage.Abc"/>
  <testcase name="search" time="5.493" classname="com.flipkart.BNPLpackage.Abc"/>
</testsuite> <!-- com.flipkart.BNPLpackage.Abc -->
